Using pre-set license
Built from '2021.3/staging' branch; Version is '2021.3.10f1 (1c7d0df0160b) revision 1867021'; Using compiler version '192829333'; Build Type 'Release'
OS: 'Windows 10  (10.0.19043) 64bit Core' Language: 'en' Physical Memory: 16348 MB
BatchMode: 1, IsHumanControllingUs: 0, StartBugReporterOnCrash: 0, Is64bit: 1, IsPro: 1

COMMAND LINE ARGUMENTS:
C:\Program Files\Unity 2021.3.10f1\Editor\Unity.exe
-adb2
-batchMode
-noUpm
-name
AssetImportWorker0
-projectPath
C:/Users/spec0/Desktop/Project/2022/07/Part3/MMO_Unity
-logFile
Logs/AssetImportWorker0.log
-srvPort
4861
Successfully changed project path to: C:/Users/spec0/Desktop/Project/2022/07/Part3/MMO_Unity
C:/Users/spec0/Desktop/Project/2022/07/Part3/MMO_Unity
[UnityMemory] Configuration Parameters - Can be set up in boot.config
    "memorysetup-bucket-allocator-granularity=16"
    "memorysetup-bucket-allocator-bucket-count=8"
    "memorysetup-bucket-allocator-block-size=33554432"
    "memorysetup-bucket-allocator-block-count=8"
    "memorysetup-main-allocator-block-size=16777216"
    "memorysetup-thread-allocator-block-size=16777216"
    "memorysetup-gfx-main-allocator-block-size=16777216"
    "memorysetup-gfx-thread-allocator-block-size=16777216"
    "memorysetup-cache-allocator-block-size=4194304"
    "memorysetup-typetree-allocator-block-size=2097152"
    "memorysetup-profiler-bucket-allocator-granularity=16"
    "memorysetup-profiler-bucket-allocator-bucket-count=8"
    "memorysetup-profiler-bucket-allocator-block-size=33554432"
    "memorysetup-profiler-bucket-allocator-block-count=8"
    "memorysetup-profiler-allocator-block-size=16777216"
    "memorysetup-profiler-editor-allocator-block-size=1048576"
    "memorysetup-temp-allocator-size-main=16777216"
    "memorysetup-job-temp-allocator-block-size=2097152"
    "memorysetup-job-temp-allocator-block-size-background=1048576"
    "memorysetup-job-temp-allocator-reduction-small-platforms=262144"
    "memorysetup-temp-allocator-size-background-worker=32768"
    "memorysetup-temp-allocator-size-job-worker=262144"
    "memorysetup-temp-allocator-size-preload-manager=33554432"
    "memorysetup-temp-allocator-size-nav-mesh-worker=65536"
    "memorysetup-temp-allocator-size-audio-worker=65536"
    "memorysetup-temp-allocator-size-cloud-worker=32768"
    "memorysetup-temp-allocator-size-gi-baking-worker=262144"
    "memorysetup-temp-allocator-size-gfx=262144"
Refreshing native plugins compatible for Editor in 100.52 ms, found 3 plugins.
Preloading 0 native plugins for Editor in 0.00 ms.
Initialize engine version: 2021.3.10f1 (1c7d0df0160b)
[Subsystems] Discovering subsystems at path C:/Program Files/Unity 2021.3.10f1/Editor/Data/Resources/UnitySubsystems
[Subsystems] Discovering subsystems at path C:/Users/spec0/Desktop/Project/2022/07/Part3/MMO_Unity/Assets
GfxDevice: creating device client; threaded=0; jobified=0
Direct3D:
    Version:  Direct3D 11.0 [level 11.1]
    Renderer: NVIDIA GeForce GTX 1080 (ID=0x1b80)
    Vendor:   NVIDIA
    VRAM:     8079 MB
    Driver:   30.0.15.1215
Initialize mono
Mono path[0] = 'C:/Program Files/Unity 2021.3.10f1/Editor/Data/Managed'
Mono path[1] = 'C:/Program Files/Unity 2021.3.10f1/Editor/Data/MonoBleedingEdge/lib/mono/unityjit-win32'
Mono config path = 'C:/Program Files/Unity 2021.3.10f1/Editor/Data/MonoBleedingEdge/etc'
Using monoOptions --debugger-agent=transport=dt_socket,embedding=1,server=y,suspend=n,address=127.0.0.1:56736
Begin MonoManager ReloadAssembly
Registering precompiled unity dll's ...
Register platform support module: C:/Program Files/Unity 2021.3.10f1/Editor/Data/PlaybackEngines/AndroidPlayer/UnityEditor.Android.Extensions.dll
Register platform support module: C:/Program Files/Unity 2021.3.10f1/Editor/Data/PlaybackEngines/iOSSupport/UnityEditor.iOS.Extensions.dll
Register platform support module: C:/Program Files/Unity 2021.3.10f1/Editor/Data/PlaybackEngines/WindowsStandaloneSupport/UnityEditor.WindowsStandalone.Extensions.dll
Registered in 0.015137 seconds.
Native extension for WindowsStandalone target not found
[usbmuxd] Start listen thread
[usbmuxd] Listen thread started
Native extension for iOS target not found
Native extension for Android target not found
Refreshing native plugins compatible for Editor in 121.90 ms, found 3 plugins.
Preloading 0 native plugins for Editor in 0.00 ms.
Mono: successfully reloaded assembly
- Completed reload, in  1.014 seconds
Domain Reload Profiling:
	ReloadAssembly (1015ms)
		BeginReloadAssembly (137ms)
			ExecutionOrderSort (0ms)
			DisableScriptedObjects (0ms)
			BackupInstance (0ms)
			ReleaseScriptingObjects (0ms)
			CreateAndSetChildDomain (1ms)
		EndReloadAssembly (676ms)
			LoadAssemblies (132ms)
			RebuildTransferFunctionScriptingTraits (0ms)
			SetupTypeCache (145ms)
			ReleaseScriptCaches (0ms)
			RebuildScriptCaches (43ms)
			SetupLoadedEditorAssemblies (412ms)
				LogAssemblyErrors (0ms)
				InitializePlatformSupportModulesInManaged (87ms)
				SetLoadedEditorAssemblies (0ms)
				RefreshPlugins (122ms)
				BeforeProcessingInitializeOnLoad (2ms)
				ProcessInitializeOnLoadAttributes (138ms)
				ProcessInitializeOnLoadMethodAttributes (62ms)
				AfterProcessingInitializeOnLoad (0ms)
				EditorAssembliesLoaded (0ms)
			ExecutionOrderSort2 (0ms)
			AwakeInstancesAfterBackupRestoration (0ms)
Platform modules already initialized, skipping
Registering precompiled user dll's ...
Registered in 0.013770 seconds.
Begin MonoManager ReloadAssembly
Symbol file LoadedFromMemory doesn't match image C:\Users\spec0\Desktop\Project\2022\07\Part3\MMO_Unity\Library\PackageCache\com.unity.visualscripting@1.7.8\Editor\VisualScripting.Core\Dependencies\YamlDotNet\Unity.VisualScripting.YamlDotNet.dll
Symbol file LoadedFromMemory doesn't match image C:\Users\spec0\Desktop\Project\2022\07\Part3\MMO_Unity\Library\PackageCache\com.unity.visualscripting@1.7.8\Editor\VisualScripting.Core\Dependencies\DotNetZip\Unity.VisualScripting.IonicZip.dll
Native extension for WindowsStandalone target not found
Native extension for iOS target not found
Native extension for Android target not found
Refreshing native plugins compatible for Editor in 0.98 ms, found 3 plugins.
Preloading 0 native plugins for Editor in 0.00 ms.
Mono: successfully reloaded assembly
- Completed reload, in  1.626 seconds
Domain Reload Profiling:
	ReloadAssembly (1627ms)
		BeginReloadAssembly (159ms)
			ExecutionOrderSort (0ms)
			DisableScriptedObjects (6ms)
			BackupInstance (0ms)
			ReleaseScriptingObjects (0ms)
			CreateAndSetChildDomain (24ms)
		EndReloadAssembly (1299ms)
			LoadAssemblies (134ms)
			RebuildTransferFunctionScriptingTraits (0ms)
			SetupTypeCache (446ms)
			ReleaseScriptCaches (1ms)
			RebuildScriptCaches (68ms)
			SetupLoadedEditorAssemblies (585ms)
				LogAssemblyErrors (0ms)
				InitializePlatformSupportModulesInManaged (38ms)
				SetLoadedEditorAssemblies (1ms)
				RefreshPlugins (1ms)
				BeforeProcessingInitializeOnLoad (130ms)
				ProcessInitializeOnLoadAttributes (337ms)
				ProcessInitializeOnLoadMethodAttributes (55ms)
				AfterProcessingInitializeOnLoad (24ms)
				EditorAssembliesLoaded (0ms)
			ExecutionOrderSort2 (0ms)
			AwakeInstancesAfterBackupRestoration (10ms)
Platform modules already initialized, skipping
========================================================================
Worker process is ready to serve import requests
Launched and connected shader compiler UnityShaderCompiler.exe after 0.06 seconds
Refreshing native plugins compatible for Editor in 0.81 ms, found 3 plugins.
Preloading 0 native plugins for Editor in 0.00 ms.
Unloading 3452 Unused Serialized files (Serialized files now loaded: 0)
Unloading 27 unused Assets / (114.4 KB). Loaded Objects now: 3915.
Memory consumption went from 125.6 MB to 125.5 MB.
Total: 5.067900 ms (FindLiveObjects: 0.359100 ms CreateObjectMapping: 0.332800 ms MarkObjects: 4.218900 ms  DeleteObjects: 0.155700 ms)

AssetImportParameters requested are different than current active one (requested -> active):
  custom:video-decoder-ogg-theora: a1e56fd34408186e4bbccfd4996cb3dc -> 
  custom:container-muxer-webm: aa71ff27fc2769a1b78a27578f13a17b -> 
  custom:container-demuxer-webm: 4f35f7cbe854078d1ac9338744f61a02 -> 
  custom:video-encoder-webm-vp8: eb34c28f22e8b96e1ab97ce403110664 -> 
  custom:audio-encoder-webm-vorbis: bf7c407c2cedff20999df2af8eb42d56 -> 
  custom:framework-win-MediaFoundation: 216162199b28c13a410421893ffa2e32 -> 
  custom:container-demuxer-ogg: 62fdf1f143b41e24485cea50d1cbac27 -> 
  custom:video-decoder-webm-vp8: 9c59270c3fd7afecdb556c50c9e8de78 -> 
  custom:audio-decoder-ogg-vorbis: bf7c407c2cedff20999df2af8eb42d56 -> 
========================================================================
Received Import Request.
  Time since last request: 8919.707480 seconds.
  path: Assets/Scripts/Managers/DataManager.cs
  artifactKey: Guid(93fe464468f49984aa03ce8ef5d73f0d) Importer(815301076,1909f56bfc062723c751e8b465ee728b)
Start importing Assets/Scripts/Managers/DataManager.cs using Guid(93fe464468f49984aa03ce8ef5d73f0d) Importer(815301076,1909f56bfc062723c751e8b465ee728b)  -> (artifact id: 'd3f379fc901626a11929ea840cdc77cd') in 0.070403 seconds 
========================================================================
Received Import Request.
  Time since last request: 139.034429 seconds.
  path: Assets/Scripts/Managers/DataManager.cs
  artifactKey: Guid(93fe464468f49984aa03ce8ef5d73f0d) Importer(815301076,1909f56bfc062723c751e8b465ee728b)
Start importing Assets/Scripts/Managers/DataManager.cs using Guid(93fe464468f49984aa03ce8ef5d73f0d) Importer(815301076,1909f56bfc062723c751e8b465ee728b)  -> (artifact id: 'c0ca5ec977c3a5a240bf69114b495069') in 0.004170 seconds 
========================================================================
Received Import Request.
  Time since last request: 5.508146 seconds.
  path: Assets/Scripts/Managers/DataManager.cs
  artifactKey: Guid(93fe464468f49984aa03ce8ef5d73f0d) Importer(815301076,1909f56bfc062723c751e8b465ee728b)
Start importing Assets/Scripts/Managers/DataManager.cs using Guid(93fe464468f49984aa03ce8ef5d73f0d) Importer(815301076,1909f56bfc062723c751e8b465ee728b)  -> (artifact id: 'c4d581badebbd1c070671d589a89d18f') in 0.002909 seconds 
========================================================================
Received Import Request.
  Time since last request: 64.685856 seconds.
  path: Assets/Scripts/Managers/DataManager.cs
  artifactKey: Guid(93fe464468f49984aa03ce8ef5d73f0d) Importer(815301076,1909f56bfc062723c751e8b465ee728b)
Start importing Assets/Scripts/Managers/DataManager.cs using Guid(93fe464468f49984aa03ce8ef5d73f0d) Importer(815301076,1909f56bfc062723c751e8b465ee728b)  -> (artifact id: '1aac29d6d11b2395ac078b55be9cfce7') in 0.002148 seconds 
========================================================================
Received Import Request.
  Time since last request: 29.834341 seconds.
  path: Assets/Scripts/Managers/DataManager.cs
  artifactKey: Guid(93fe464468f49984aa03ce8ef5d73f0d) Importer(815301076,1909f56bfc062723c751e8b465ee728b)
Start importing Assets/Scripts/Managers/DataManager.cs using Guid(93fe464468f49984aa03ce8ef5d73f0d) Importer(815301076,1909f56bfc062723c751e8b465ee728b)  -> (artifact id: 'ab89895208efd73507c1f4c00953e44c') in 0.002365 seconds 
========================================================================
Received Import Request.
  Time since last request: 66.777927 seconds.
  path: Assets/Scripts/Managers/DataManager.cs
  artifactKey: Guid(93fe464468f49984aa03ce8ef5d73f0d) Importer(815301076,1909f56bfc062723c751e8b465ee728b)
Start importing Assets/Scripts/Managers/DataManager.cs using Guid(93fe464468f49984aa03ce8ef5d73f0d) Importer(815301076,1909f56bfc062723c751e8b465ee728b)  -> (artifact id: 'd4956a6accd5d36c7f11ccc73d7ebf93') in 0.004871 seconds 
========================================================================
Received Import Request.
  Time since last request: 8.631993 seconds.
  path: Assets/Scripts/Managers/DataManager.cs
  artifactKey: Guid(93fe464468f49984aa03ce8ef5d73f0d) Importer(815301076,1909f56bfc062723c751e8b465ee728b)
Start importing Assets/Scripts/Managers/DataManager.cs using Guid(93fe464468f49984aa03ce8ef5d73f0d) Importer(815301076,1909f56bfc062723c751e8b465ee728b)  -> (artifact id: '780c8601819fb7d816bd4a65a69cd02c') in 0.002362 seconds 
========================================================================
Received Import Request.
  Time since last request: 3.203897 seconds.
  path: Assets/Scripts/Managers/DataManager.cs
  artifactKey: Guid(93fe464468f49984aa03ce8ef5d73f0d) Importer(815301076,1909f56bfc062723c751e8b465ee728b)
Start importing Assets/Scripts/Managers/DataManager.cs using Guid(93fe464468f49984aa03ce8ef5d73f0d) Importer(815301076,1909f56bfc062723c751e8b465ee728b)  -> (artifact id: '005818edbdee8d18bdcee2ea33c38020') in 0.002313 seconds 
========================================================================
Received Import Request.
  Time since last request: 12.442196 seconds.
  path: Assets/Scripts/Managers/DataManager.cs
  artifactKey: Guid(93fe464468f49984aa03ce8ef5d73f0d) Importer(815301076,1909f56bfc062723c751e8b465ee728b)
Start importing Assets/Scripts/Managers/DataManager.cs using Guid(93fe464468f49984aa03ce8ef5d73f0d) Importer(815301076,1909f56bfc062723c751e8b465ee728b)  -> (artifact id: 'bab1dab56c0aec301874bb55abce8086') in 0.002561 seconds 
========================================================================
Received Import Request.
  Time since last request: 8.464444 seconds.
  path: Assets/Scripts/Managers/DataManager.cs
  artifactKey: Guid(93fe464468f49984aa03ce8ef5d73f0d) Importer(815301076,1909f56bfc062723c751e8b465ee728b)
Start importing Assets/Scripts/Managers/DataManager.cs using Guid(93fe464468f49984aa03ce8ef5d73f0d) Importer(815301076,1909f56bfc062723c751e8b465ee728b)  -> (artifact id: '56a32ff18d3bb8479b0eb105717a452d') in 0.002182 seconds 
========================================================================
Received Import Request.
  Time since last request: 32.111117 seconds.
  path: Assets/Scripts/Managers/DataManager.cs
  artifactKey: Guid(93fe464468f49984aa03ce8ef5d73f0d) Importer(815301076,1909f56bfc062723c751e8b465ee728b)
Start importing Assets/Scripts/Managers/DataManager.cs using Guid(93fe464468f49984aa03ce8ef5d73f0d) Importer(815301076,1909f56bfc062723c751e8b465ee728b)  -> (artifact id: 'f674b90d6c14540b4c4553fdd06e8347') in 0.002964 seconds 
========================================================================
Received Import Request.
  Time since last request: 10.861114 seconds.
  path: Assets/Scripts/Managers/DataManager.cs
  artifactKey: Guid(93fe464468f49984aa03ce8ef5d73f0d) Importer(815301076,1909f56bfc062723c751e8b465ee728b)
Start importing Assets/Scripts/Managers/DataManager.cs using Guid(93fe464468f49984aa03ce8ef5d73f0d) Importer(815301076,1909f56bfc062723c751e8b465ee728b)  -> (artifact id: '5cf533784c580bfb8355529d0fc57cc1') in 0.004403 seconds 
========================================================================
Received Prepare
Registering precompiled user dll's ...
Registered in 0.009605 seconds.
Begin MonoManager ReloadAssembly
Symbol file LoadedFromMemory doesn't match image C:\Users\spec0\Desktop\Project\2022\07\Part3\MMO_Unity\Library\PackageCache\com.unity.visualscripting@1.7.8\Editor\VisualScripting.Core\Dependencies\YamlDotNet\Unity.VisualScripting.YamlDotNet.dll
Symbol file LoadedFromMemory doesn't match image C:\Users\spec0\Desktop\Project\2022\07\Part3\MMO_Unity\Library\PackageCache\com.unity.visualscripting@1.7.8\Editor\VisualScripting.Core\Dependencies\DotNetZip\Unity.VisualScripting.IonicZip.dll
Native extension for WindowsStandalone target not found
Native extension for iOS target not found
Native extension for Android target not found
Refreshing native plugins compatible for Editor in 0.67 ms, found 3 plugins.
Preloading 0 native plugins for Editor in 0.00 ms.
Mono: successfully reloaded assembly
- Completed reload, in  1.404 seconds
Domain Reload Profiling:
	ReloadAssembly (1405ms)
		BeginReloadAssembly (202ms)
			ExecutionOrderSort (0ms)
			DisableScriptedObjects (7ms)
			BackupInstance (0ms)
			ReleaseScriptingObjects (0ms)
			CreateAndSetChildDomain (44ms)
		EndReloadAssembly (1029ms)
			LoadAssemblies (141ms)
			RebuildTransferFunctionScriptingTraits (0ms)
			SetupTypeCache (315ms)
			ReleaseScriptCaches (1ms)
			RebuildScriptCaches (52ms)
			SetupLoadedEditorAssemblies (490ms)
				LogAssemblyErrors (0ms)
				InitializePlatformSupportModulesInManaged (41ms)
				SetLoadedEditorAssemblies (1ms)
				RefreshPlugins (1ms)
				BeforeProcessingInitializeOnLoad (110ms)
				ProcessInitializeOnLoadAttributes (284ms)
				ProcessInitializeOnLoadMethodAttributes (35ms)
				AfterProcessingInitializeOnLoad (18ms)
				EditorAssembliesLoaded (0ms)
			ExecutionOrderSort2 (0ms)
			AwakeInstancesAfterBackupRestoration (9ms)
Platform modules already initialized, skipping
Refreshing native plugins compatible for Editor in 2.42 ms, found 3 plugins.
Preloading 0 native plugins for Editor in 0.00 ms.
Unloading 3436 Unused Serialized files (Serialized files now loaded: 0)
Unloading 20 unused Assets / (80.9 KB). Loaded Objects now: 3918.
Memory consumption went from 124.6 MB to 124.5 MB.
Total: 2.794400 ms (FindLiveObjects: 0.270800 ms CreateObjectMapping: 0.183100 ms MarkObjects: 2.242400 ms  DeleteObjects: 0.096900 ms)

AssetImportParameters requested are different than current active one (requested -> active):
  custom:video-decoder-ogg-theora: a1e56fd34408186e4bbccfd4996cb3dc -> 
  custom:container-muxer-webm: aa71ff27fc2769a1b78a27578f13a17b -> 
  custom:container-demuxer-webm: 4f35f7cbe854078d1ac9338744f61a02 -> 
  custom:video-encoder-webm-vp8: eb34c28f22e8b96e1ab97ce403110664 -> 
  custom:audio-encoder-webm-vorbis: bf7c407c2cedff20999df2af8eb42d56 -> 
  custom:framework-win-MediaFoundation: 216162199b28c13a410421893ffa2e32 -> 
  custom:container-demuxer-ogg: 62fdf1f143b41e24485cea50d1cbac27 -> 
  custom:video-decoder-webm-vp8: 9c59270c3fd7afecdb556c50c9e8de78 -> 
  custom:audio-decoder-ogg-vorbis: bf7c407c2cedff20999df2af8eb42d56 -> 
========================================================================
Received Prepare
Registering precompiled user dll's ...
Registered in 0.010645 seconds.
Begin MonoManager ReloadAssembly
Symbol file LoadedFromMemory doesn't match image C:\Users\spec0\Desktop\Project\2022\07\Part3\MMO_Unity\Library\PackageCache\com.unity.visualscripting@1.7.8\Editor\VisualScripting.Core\Dependencies\YamlDotNet\Unity.VisualScripting.YamlDotNet.dll
Symbol file LoadedFromMemory doesn't match image C:\Users\spec0\Desktop\Project\2022\07\Part3\MMO_Unity\Library\PackageCache\com.unity.visualscripting@1.7.8\Editor\VisualScripting.Core\Dependencies\DotNetZip\Unity.VisualScripting.IonicZip.dll
Native extension for WindowsStandalone target not found
Native extension for iOS target not found
Native extension for Android target not found
Refreshing native plugins compatible for Editor in 0.59 ms, found 3 plugins.
Preloading 0 native plugins for Editor in 0.00 ms.
Mono: successfully reloaded assembly
- Completed reload, in  1.257 seconds
Domain Reload Profiling:
	ReloadAssembly (1258ms)
		BeginReloadAssembly (189ms)
			ExecutionOrderSort (0ms)
			DisableScriptedObjects (11ms)
			BackupInstance (0ms)
			ReleaseScriptingObjects (0ms)
			CreateAndSetChildDomain (43ms)
		EndReloadAssembly (925ms)
			LoadAssemblies (130ms)
			RebuildTransferFunctionScriptingTraits (0ms)
			SetupTypeCache (304ms)
			ReleaseScriptCaches (1ms)
			RebuildScriptCaches (46ms)
			SetupLoadedEditorAssemblies (412ms)
				LogAssemblyErrors (0ms)
				InitializePlatformSupportModulesInManaged (36ms)
				SetLoadedEditorAssemblies (0ms)
				RefreshPlugins (1ms)
				BeforeProcessingInitializeOnLoad (97ms)
				ProcessInitializeOnLoadAttributes (232ms)
				ProcessInitializeOnLoadMethodAttributes (31ms)
				AfterProcessingInitializeOnLoad (15ms)
				EditorAssembliesLoaded (0ms)
			ExecutionOrderSort2 (0ms)
			AwakeInstancesAfterBackupRestoration (8ms)
Platform modules already initialized, skipping
Refreshing native plugins compatible for Editor in 2.58 ms, found 3 plugins.
Preloading 0 native plugins for Editor in 0.00 ms.
Unloading 3436 Unused Serialized files (Serialized files now loaded: 0)
Unloading 20 unused Assets / (81.0 KB). Loaded Objects now: 3921.
Memory consumption went from 124.6 MB to 124.5 MB.
Total: 2.536900 ms (FindLiveObjects: 0.269600 ms CreateObjectMapping: 0.147700 ms MarkObjects: 2.033200 ms  DeleteObjects: 0.085400 ms)

AssetImportParameters requested are different than current active one (requested -> active):
  custom:video-decoder-ogg-theora: a1e56fd34408186e4bbccfd4996cb3dc -> 
  custom:container-muxer-webm: aa71ff27fc2769a1b78a27578f13a17b -> 
  custom:container-demuxer-webm: 4f35f7cbe854078d1ac9338744f61a02 -> 
  custom:video-encoder-webm-vp8: eb34c28f22e8b96e1ab97ce403110664 -> 
  custom:audio-encoder-webm-vorbis: bf7c407c2cedff20999df2af8eb42d56 -> 
  custom:framework-win-MediaFoundation: 216162199b28c13a410421893ffa2e32 -> 
  custom:container-demuxer-ogg: 62fdf1f143b41e24485cea50d1cbac27 -> 
  custom:video-decoder-webm-vp8: 9c59270c3fd7afecdb556c50c9e8de78 -> 
  custom:audio-decoder-ogg-vorbis: bf7c407c2cedff20999df2af8eb42d56 -> 
========================================================================
Received Import Request.
  Time since last request: 144.663030 seconds.
  path: Assets/Scripts/Managers/DataManager.cs
  artifactKey: Guid(93fe464468f49984aa03ce8ef5d73f0d) Importer(815301076,1909f56bfc062723c751e8b465ee728b)
Start importing Assets/Scripts/Managers/DataManager.cs using Guid(93fe464468f49984aa03ce8ef5d73f0d) Importer(815301076,1909f56bfc062723c751e8b465ee728b)  -> (artifact id: '32f42034240f247acaac86ab8255459e') in 0.008490 seconds 
========================================================================
Received Prepare
Registering precompiled user dll's ...
Registered in 0.009195 seconds.
Begin MonoManager ReloadAssembly
Symbol file LoadedFromMemory doesn't match image C:\Users\spec0\Desktop\Project\2022\07\Part3\MMO_Unity\Library\PackageCache\com.unity.visualscripting@1.7.8\Editor\VisualScripting.Core\Dependencies\YamlDotNet\Unity.VisualScripting.YamlDotNet.dll
Symbol file LoadedFromMemory doesn't match image C:\Users\spec0\Desktop\Project\2022\07\Part3\MMO_Unity\Library\PackageCache\com.unity.visualscripting@1.7.8\Editor\VisualScripting.Core\Dependencies\DotNetZip\Unity.VisualScripting.IonicZip.dll
Native extension for WindowsStandalone target not found
Native extension for iOS target not found
Native extension for Android target not found
Refreshing native plugins compatible for Editor in 0.60 ms, found 3 plugins.
Preloading 0 native plugins for Editor in 0.00 ms.
Mono: successfully reloaded assembly
- Completed reload, in  1.530 seconds
Domain Reload Profiling:
	ReloadAssembly (1530ms)
		BeginReloadAssembly (175ms)
			ExecutionOrderSort (0ms)
			DisableScriptedObjects (6ms)
			BackupInstance (0ms)
			ReleaseScriptingObjects (0ms)
			CreateAndSetChildDomain (43ms)
		EndReloadAssembly (1207ms)
			LoadAssemblies (115ms)
			RebuildTransferFunctionScriptingTraits (0ms)
			SetupTypeCache (559ms)
			ReleaseScriptCaches (1ms)
			RebuildScriptCaches (58ms)
			SetupLoadedEditorAssemblies (432ms)
				LogAssemblyErrors (0ms)
				InitializePlatformSupportModulesInManaged (37ms)
				SetLoadedEditorAssemblies (0ms)
				RefreshPlugins (1ms)
				BeforeProcessingInitializeOnLoad (111ms)
				ProcessInitializeOnLoadAttributes (228ms)
				ProcessInitializeOnLoadMethodAttributes (38ms)
				AfterProcessingInitializeOnLoad (17ms)
				EditorAssembliesLoaded (0ms)
			ExecutionOrderSort2 (0ms)
			AwakeInstancesAfterBackupRestoration (8ms)
Platform modules already initialized, skipping
Refreshing native plugins compatible for Editor in 2.50 ms, found 3 plugins.
Preloading 0 native plugins for Editor in 0.00 ms.
Unloading 3436 Unused Serialized files (Serialized files now loaded: 0)
Unloading 20 unused Assets / (80.9 KB). Loaded Objects now: 3924.
Memory consumption went from 124.6 MB to 124.5 MB.
Total: 2.674200 ms (FindLiveObjects: 0.294700 ms CreateObjectMapping: 0.177900 ms MarkObjects: 2.111300 ms  DeleteObjects: 0.089100 ms)

AssetImportParameters requested are different than current active one (requested -> active):
  custom:video-decoder-ogg-theora: a1e56fd34408186e4bbccfd4996cb3dc -> 
  custom:container-muxer-webm: aa71ff27fc2769a1b78a27578f13a17b -> 
  custom:container-demuxer-webm: 4f35f7cbe854078d1ac9338744f61a02 -> 
  custom:video-encoder-webm-vp8: eb34c28f22e8b96e1ab97ce403110664 -> 
  custom:audio-encoder-webm-vorbis: bf7c407c2cedff20999df2af8eb42d56 -> 
  custom:framework-win-MediaFoundation: 216162199b28c13a410421893ffa2e32 -> 
  custom:container-demuxer-ogg: 62fdf1f143b41e24485cea50d1cbac27 -> 
  custom:video-decoder-webm-vp8: 9c59270c3fd7afecdb556c50c9e8de78 -> 
  custom:audio-decoder-ogg-vorbis: bf7c407c2cedff20999df2af8eb42d56 -> 
========================================================================
Received Import Request.
  Time since last request: 14.869832 seconds.
  path: Assets/Scripts/Managers/DataManager.cs
  artifactKey: Guid(93fe464468f49984aa03ce8ef5d73f0d) Importer(815301076,1909f56bfc062723c751e8b465ee728b)
Start importing Assets/Scripts/Managers/DataManager.cs using Guid(93fe464468f49984aa03ce8ef5d73f0d) Importer(815301076,1909f56bfc062723c751e8b465ee728b)  -> (artifact id: '01e9336f1774b060482f33eb44fbfa9f') in 0.007871 seconds 
========================================================================
Received Prepare
Registering precompiled user dll's ...
Registered in 0.010046 seconds.
Begin MonoManager ReloadAssembly
Symbol file LoadedFromMemory doesn't match image C:\Users\spec0\Desktop\Project\2022\07\Part3\MMO_Unity\Library\PackageCache\com.unity.visualscripting@1.7.8\Editor\VisualScripting.Core\Dependencies\YamlDotNet\Unity.VisualScripting.YamlDotNet.dll
Symbol file LoadedFromMemory doesn't match image C:\Users\spec0\Desktop\Project\2022\07\Part3\MMO_Unity\Library\PackageCache\com.unity.visualscripting@1.7.8\Editor\VisualScripting.Core\Dependencies\DotNetZip\Unity.VisualScripting.IonicZip.dll
Native extension for WindowsStandalone target not found
Native extension for iOS target not found
Native extension for Android target not found
Refreshing native plugins compatible for Editor in 0.59 ms, found 3 plugins.
Preloading 0 native plugins for Editor in 0.00 ms.
Mono: successfully reloaded assembly
- Completed reload, in  1.568 seconds
Domain Reload Profiling:
	ReloadAssembly (1568ms)
		BeginReloadAssembly (200ms)
			ExecutionOrderSort (0ms)
			DisableScriptedObjects (8ms)
			BackupInstance (0ms)
			ReleaseScriptingObjects (0ms)
			CreateAndSetChildDomain (48ms)
		EndReloadAssembly (1222ms)
			LoadAssemblies (123ms)
			RebuildTransferFunctionScriptingTraits (0ms)
			SetupTypeCache (582ms)
			ReleaseScriptCaches (2ms)
			RebuildScriptCaches (56ms)
			SetupLoadedEditorAssemblies (415ms)
				LogAssemblyErrors (0ms)
				InitializePlatformSupportModulesInManaged (43ms)
				SetLoadedEditorAssemblies (0ms)
				RefreshPlugins (1ms)
				BeforeProcessingInitializeOnLoad (101ms)
				ProcessInitializeOnLoadAttributes (218ms)
				ProcessInitializeOnLoadMethodAttributes (35ms)
				AfterProcessingInitializeOnLoad (17ms)
				EditorAssembliesLoaded (0ms)
			ExecutionOrderSort2 (0ms)
			AwakeInstancesAfterBackupRestoration (8ms)
Platform modules already initialized, skipping
Refreshing native plugins compatible for Editor in 2.93 ms, found 3 plugins.
Preloading 0 native plugins for Editor in 0.00 ms.
Unloading 3436 Unused Serialized files (Serialized files now loaded: 0)
Unloading 20 unused Assets / (80.8 KB). Loaded Objects now: 3927.
Memory consumption went from 124.6 MB to 124.5 MB.
Total: 2.874500 ms (FindLiveObjects: 0.254700 ms CreateObjectMapping: 0.162200 ms MarkObjects: 2.362800 ms  DeleteObjects: 0.094000 ms)

AssetImportParameters requested are different than current active one (requested -> active):
  custom:video-decoder-ogg-theora: a1e56fd34408186e4bbccfd4996cb3dc -> 
  custom:container-muxer-webm: aa71ff27fc2769a1b78a27578f13a17b -> 
  custom:container-demuxer-webm: 4f35f7cbe854078d1ac9338744f61a02 -> 
  custom:video-encoder-webm-vp8: eb34c28f22e8b96e1ab97ce403110664 -> 
  custom:audio-encoder-webm-vorbis: bf7c407c2cedff20999df2af8eb42d56 -> 
  custom:framework-win-MediaFoundation: 216162199b28c13a410421893ffa2e32 -> 
  custom:container-demuxer-ogg: 62fdf1f143b41e24485cea50d1cbac27 -> 
  custom:video-decoder-webm-vp8: 9c59270c3fd7afecdb556c50c9e8de78 -> 
  custom:audio-decoder-ogg-vorbis: bf7c407c2cedff20999df2af8eb42d56 -> 
========================================================================
Received Import Request.
  Time since last request: 18.675805 seconds.
  path: Assets/Scripts/Managers/DataManager.cs
  artifactKey: Guid(93fe464468f49984aa03ce8ef5d73f0d) Importer(815301076,1909f56bfc062723c751e8b465ee728b)
Start importing Assets/Scripts/Managers/DataManager.cs using Guid(93fe464468f49984aa03ce8ef5d73f0d) Importer(815301076,1909f56bfc062723c751e8b465ee728b)  -> (artifact id: '72817f7b8248c5aaa1c7a3d647945b79') in 0.007318 seconds 
========================================================================
Received Import Request.
  Time since last request: 11.786272 seconds.
  path: Assets/Scripts/Managers/DataManager.cs
  artifactKey: Guid(93fe464468f49984aa03ce8ef5d73f0d) Importer(815301076,1909f56bfc062723c751e8b465ee728b)
Start importing Assets/Scripts/Managers/DataManager.cs using Guid(93fe464468f49984aa03ce8ef5d73f0d) Importer(815301076,1909f56bfc062723c751e8b465ee728b)  -> (artifact id: '60df39cc751f731170101fbc428c3603') in 0.002385 seconds 
========================================================================
Received Prepare
Registering precompiled user dll's ...
Registered in 0.011652 seconds.
Begin MonoManager ReloadAssembly
Symbol file LoadedFromMemory doesn't match image C:\Users\spec0\Desktop\Project\2022\07\Part3\MMO_Unity\Library\PackageCache\com.unity.visualscripting@1.7.8\Editor\VisualScripting.Core\Dependencies\YamlDotNet\Unity.VisualScripting.YamlDotNet.dll
Symbol file LoadedFromMemory doesn't match image C:\Users\spec0\Desktop\Project\2022\07\Part3\MMO_Unity\Library\PackageCache\com.unity.visualscripting@1.7.8\Editor\VisualScripting.Core\Dependencies\DotNetZip\Unity.VisualScripting.IonicZip.dll
Native extension for WindowsStandalone target not found
Native extension for iOS target not found
Native extension for Android target not found
Refreshing native plugins compatible for Editor in 0.63 ms, found 3 plugins.
Preloading 0 native plugins for Editor in 0.00 ms.
Mono: successfully reloaded assembly
- Completed reload, in  1.453 seconds
Domain Reload Profiling:
	ReloadAssembly (1454ms)
		BeginReloadAssembly (205ms)
			ExecutionOrderSort (0ms)
			DisableScriptedObjects (10ms)
			BackupInstance (0ms)
			ReleaseScriptingObjects (0ms)
			CreateAndSetChildDomain (48ms)
		EndReloadAssembly (1129ms)
			LoadAssemblies (121ms)
			RebuildTransferFunctionScriptingTraits (0ms)
			SetupTypeCache (271ms)
			ReleaseScriptCaches (1ms)
			RebuildScriptCaches (48ms)
			SetupLoadedEditorAssemblies (662ms)
				LogAssemblyErrors (0ms)
				InitializePlatformSupportModulesInManaged (37ms)
				SetLoadedEditorAssemblies (1ms)
				RefreshPlugins (1ms)
				BeforeProcessingInitializeOnLoad (94ms)
				ProcessInitializeOnLoadAttributes (483ms)
				ProcessInitializeOnLoadMethodAttributes (31ms)
				AfterProcessingInitializeOnLoad (16ms)
				EditorAssembliesLoaded (0ms)
			ExecutionOrderSort2 (0ms)
			AwakeInstancesAfterBackupRestoration (7ms)
Platform modules already initialized, skipping
Refreshing native plugins compatible for Editor in 2.46 ms, found 3 plugins.
Preloading 0 native plugins for Editor in 0.00 ms.
Unloading 3436 Unused Serialized files (Serialized files now loaded: 0)
Unloading 20 unused Assets / (80.9 KB). Loaded Objects now: 3930.
Memory consumption went from 124.6 MB to 124.5 MB.
Total: 4.418900 ms (FindLiveObjects: 0.259500 ms CreateObjectMapping: 0.147600 ms MarkObjects: 3.875200 ms  DeleteObjects: 0.135700 ms)

AssetImportParameters requested are different than current active one (requested -> active):
  custom:video-decoder-ogg-theora: a1e56fd34408186e4bbccfd4996cb3dc -> 
  custom:container-muxer-webm: aa71ff27fc2769a1b78a27578f13a17b -> 
  custom:container-demuxer-webm: 4f35f7cbe854078d1ac9338744f61a02 -> 
  custom:video-encoder-webm-vp8: eb34c28f22e8b96e1ab97ce403110664 -> 
  custom:audio-encoder-webm-vorbis: bf7c407c2cedff20999df2af8eb42d56 -> 
  custom:framework-win-MediaFoundation: 216162199b28c13a410421893ffa2e32 -> 
  custom:container-demuxer-ogg: 62fdf1f143b41e24485cea50d1cbac27 -> 
  custom:video-decoder-webm-vp8: 9c59270c3fd7afecdb556c50c9e8de78 -> 
  custom:audio-decoder-ogg-vorbis: bf7c407c2cedff20999df2af8eb42d56 -> 
========================================================================
Received Import Request.
  Time since last request: 10.217249 seconds.
  path: Assets/Scripts/Managers/DataManager.cs
  artifactKey: Guid(93fe464468f49984aa03ce8ef5d73f0d) Importer(815301076,1909f56bfc062723c751e8b465ee728b)
Start importing Assets/Scripts/Managers/DataManager.cs using Guid(93fe464468f49984aa03ce8ef5d73f0d) Importer(815301076,1909f56bfc062723c751e8b465ee728b)  -> (artifact id: 'c6c7bc7650b7136029f8ca59da61d842') in 0.009327 seconds 
========================================================================
Received Import Request.
  Time since last request: 7.633960 seconds.
  path: Assets/Scripts/Managers/DataManager.cs
  artifactKey: Guid(93fe464468f49984aa03ce8ef5d73f0d) Importer(815301076,1909f56bfc062723c751e8b465ee728b)
Start importing Assets/Scripts/Managers/DataManager.cs using Guid(93fe464468f49984aa03ce8ef5d73f0d) Importer(815301076,1909f56bfc062723c751e8b465ee728b)  -> (artifact id: '4526cb44b27b0ce521c6bba16b9d6f6f') in 0.002632 seconds 
========================================================================
Received Import Request.
  Time since last request: 22.627685 seconds.
  path: Assets/Scripts/Managers/DataManager.cs
  artifactKey: Guid(93fe464468f49984aa03ce8ef5d73f0d) Importer(815301076,1909f56bfc062723c751e8b465ee728b)
Start importing Assets/Scripts/Managers/DataManager.cs using Guid(93fe464468f49984aa03ce8ef5d73f0d) Importer(815301076,1909f56bfc062723c751e8b465ee728b)  -> (artifact id: '3a578124c947355776ead7306eebb658') in 0.002126 seconds 
========================================================================
Received Import Request.
  Time since last request: 21.857824 seconds.
  path: Assets/Scripts/Managers/DataManager.cs
  artifactKey: Guid(93fe464468f49984aa03ce8ef5d73f0d) Importer(815301076,1909f56bfc062723c751e8b465ee728b)
Start importing Assets/Scripts/Managers/DataManager.cs using Guid(93fe464468f49984aa03ce8ef5d73f0d) Importer(815301076,1909f56bfc062723c751e8b465ee728b)  -> (artifact id: '282405d75ce05995dce6862c54d7692e') in 0.002151 seconds 
========================================================================
Received Prepare
Registering precompiled user dll's ...
Registered in 0.009132 seconds.
Begin MonoManager ReloadAssembly
Symbol file LoadedFromMemory doesn't match image C:\Users\spec0\Desktop\Project\2022\07\Part3\MMO_Unity\Library\PackageCache\com.unity.visualscripting@1.7.8\Editor\VisualScripting.Core\Dependencies\YamlDotNet\Unity.VisualScripting.YamlDotNet.dll
Symbol file LoadedFromMemory doesn't match image C:\Users\spec0\Desktop\Project\2022\07\Part3\MMO_Unity\Library\PackageCache\com.unity.visualscripting@1.7.8\Editor\VisualScripting.Core\Dependencies\DotNetZip\Unity.VisualScripting.IonicZip.dll
Native extension for WindowsStandalone target not found
Native extension for iOS target not found
Native extension for Android target not found
Refreshing native plugins compatible for Editor in 0.62 ms, found 3 plugins.
Preloading 0 native plugins for Editor in 0.00 ms.
Mono: successfully reloaded assembly
- Completed reload, in  1.159 seconds
Domain Reload Profiling:
	ReloadAssembly (1160ms)
		BeginReloadAssembly (168ms)
			ExecutionOrderSort (0ms)
			DisableScriptedObjects (7ms)
			BackupInstance (0ms)
			ReleaseScriptingObjects (0ms)
			CreateAndSetChildDomain (40ms)
		EndReloadAssembly (856ms)
			LoadAssemblies (117ms)
			RebuildTransferFunctionScriptingTraits (0ms)
			SetupTypeCache (277ms)
			ReleaseScriptCaches (1ms)
			RebuildScriptCaches (43ms)
			SetupLoadedEditorAssemblies (378ms)
				LogAssemblyErrors (0ms)
				InitializePlatformSupportModulesInManaged (36ms)
				SetLoadedEditorAssemblies (0ms)
				RefreshPlugins (1ms)
				BeforeProcessingInitializeOnLoad (92ms)
				ProcessInitializeOnLoadAttributes (204ms)
				ProcessInitializeOnLoadMethodAttributes (30ms)
				AfterProcessingInitializeOnLoad (15ms)
				EditorAssembliesLoaded (0ms)
			ExecutionOrderSort2 (0ms)
			AwakeInstancesAfterBackupRestoration (8ms)
Platform modules already initialized, skipping
Refreshing native plugins compatible for Editor in 2.26 ms, found 3 plugins.
Preloading 0 native plugins for Editor in 0.00 ms.
Unloading 3436 Unused Serialized files (Serialized files now loaded: 0)
Unloading 20 unused Assets / (80.9 KB). Loaded Objects now: 3933.
Memory consumption went from 124.6 MB to 124.6 MB.
Total: 3.641900 ms (FindLiveObjects: 0.268000 ms CreateObjectMapping: 0.320600 ms MarkObjects: 2.944600 ms  DeleteObjects: 0.107900 ms)

AssetImportParameters requested are different than current active one (requested -> active):
  custom:video-decoder-ogg-theora: a1e56fd34408186e4bbccfd4996cb3dc -> 
  custom:container-muxer-webm: aa71ff27fc2769a1b78a27578f13a17b -> 
  custom:container-demuxer-webm: 4f35f7cbe854078d1ac9338744f61a02 -> 
  custom:video-encoder-webm-vp8: eb34c28f22e8b96e1ab97ce403110664 -> 
  custom:audio-encoder-webm-vorbis: bf7c407c2cedff20999df2af8eb42d56 -> 
  custom:framework-win-MediaFoundation: 216162199b28c13a410421893ffa2e32 -> 
  custom:container-demuxer-ogg: 62fdf1f143b41e24485cea50d1cbac27 -> 
  custom:video-decoder-webm-vp8: 9c59270c3fd7afecdb556c50c9e8de78 -> 
  custom:audio-decoder-ogg-vorbis: bf7c407c2cedff20999df2af8eb42d56 -> 
========================================================================
Received Import Request.
  Time since last request: 66.534465 seconds.
  path: Assets/Scripts/Managers/DataManager.cs
  artifactKey: Guid(93fe464468f49984aa03ce8ef5d73f0d) Importer(815301076,1909f56bfc062723c751e8b465ee728b)
Start importing Assets/Scripts/Managers/DataManager.cs using Guid(93fe464468f49984aa03ce8ef5d73f0d) Importer(815301076,1909f56bfc062723c751e8b465ee728b)  -> (artifact id: '70044adaafed6c6e15aab0210b4dd602') in 0.009374 seconds 
========================================================================
Received Import Request.
  Time since last request: 16.411086 seconds.
  path: Assets/Scripts/Managers/DataManager.cs
  artifactKey: Guid(93fe464468f49984aa03ce8ef5d73f0d) Importer(815301076,1909f56bfc062723c751e8b465ee728b)
Start importing Assets/Scripts/Managers/DataManager.cs using Guid(93fe464468f49984aa03ce8ef5d73f0d) Importer(815301076,1909f56bfc062723c751e8b465ee728b)  -> (artifact id: '025311983705b88a77f77a047ed72b2d') in 0.002728 seconds 
========================================================================
Received Import Request.
  Time since last request: 10.228711 seconds.
  path: Assets/Scripts/Managers/DataManager.cs
  artifactKey: Guid(93fe464468f49984aa03ce8ef5d73f0d) Importer(815301076,1909f56bfc062723c751e8b465ee728b)
Start importing Assets/Scripts/Managers/DataManager.cs using Guid(93fe464468f49984aa03ce8ef5d73f0d) Importer(815301076,1909f56bfc062723c751e8b465ee728b)  -> (artifact id: 'a8050831f6b6c31456b1f22f97f35871') in 0.002349 seconds 
========================================================================
Received Import Request.
  Time since last request: 10.501039 seconds.
  path: Assets/Scripts/Managers/DataManager.cs
  artifactKey: Guid(93fe464468f49984aa03ce8ef5d73f0d) Importer(815301076,1909f56bfc062723c751e8b465ee728b)
Start importing Assets/Scripts/Managers/DataManager.cs using Guid(93fe464468f49984aa03ce8ef5d73f0d) Importer(815301076,1909f56bfc062723c751e8b465ee728b)  -> (artifact id: '5f213a84078cf8085311dd77cdec1a09') in 0.002767 seconds 
========================================================================
Received Import Request.
  Time since last request: 20.330758 seconds.
  path: Assets/Scripts/Managers/DataManager.cs
  artifactKey: Guid(93fe464468f49984aa03ce8ef5d73f0d) Importer(815301076,1909f56bfc062723c751e8b465ee728b)
Start importing Assets/Scripts/Managers/DataManager.cs using Guid(93fe464468f49984aa03ce8ef5d73f0d) Importer(815301076,1909f56bfc062723c751e8b465ee728b)  -> (artifact id: '5b76c655b9014be54d06e9e52df9da3c') in 0.002555 seconds 
========================================================================
Received Import Request.
  Time since last request: 18.280607 seconds.
  path: Assets/Scripts/Managers/DataManager.cs
  artifactKey: Guid(93fe464468f49984aa03ce8ef5d73f0d) Importer(815301076,1909f56bfc062723c751e8b465ee728b)
Start importing Assets/Scripts/Managers/DataManager.cs using Guid(93fe464468f49984aa03ce8ef5d73f0d) Importer(815301076,1909f56bfc062723c751e8b465ee728b)  -> (artifact id: '66a8c00c37182aed45a783039f11c262') in 0.002105 seconds 
========================================================================
Received Import Request.
  Time since last request: 8.005392 seconds.
  path: Assets/Scripts/Managers/DataManager.cs
  artifactKey: Guid(93fe464468f49984aa03ce8ef5d73f0d) Importer(815301076,1909f56bfc062723c751e8b465ee728b)
Start importing Assets/Scripts/Managers/DataManager.cs using Guid(93fe464468f49984aa03ce8ef5d73f0d) Importer(815301076,1909f56bfc062723c751e8b465ee728b)  -> (artifact id: '2ab23415dc058aa2966944a8c3b11a82') in 0.002419 seconds 
========================================================================
Received Import Request.
  Time since last request: 7.969940 seconds.
  path: Assets/Scripts/Managers/DataManager.cs
  artifactKey: Guid(93fe464468f49984aa03ce8ef5d73f0d) Importer(815301076,1909f56bfc062723c751e8b465ee728b)
Start importing Assets/Scripts/Managers/DataManager.cs using Guid(93fe464468f49984aa03ce8ef5d73f0d) Importer(815301076,1909f56bfc062723c751e8b465ee728b)  -> (artifact id: '3fa2f2a0d0278defd92db0750981e98d') in 0.002714 seconds 
========================================================================
Received Import Request.
  Time since last request: 6.956322 seconds.
  path: Assets/Scripts/Managers/DataManager.cs
  artifactKey: Guid(93fe464468f49984aa03ce8ef5d73f0d) Importer(815301076,1909f56bfc062723c751e8b465ee728b)
Start importing Assets/Scripts/Managers/DataManager.cs using Guid(93fe464468f49984aa03ce8ef5d73f0d) Importer(815301076,1909f56bfc062723c751e8b465ee728b)  -> (artifact id: '2388cd4aa3aaaa6d18675a96af785d50') in 0.003261 seconds 
========================================================================
Received Prepare
Registering precompiled user dll's ...
Registered in 0.009512 seconds.
Begin MonoManager ReloadAssembly
Symbol file LoadedFromMemory doesn't match image C:\Users\spec0\Desktop\Project\2022\07\Part3\MMO_Unity\Library\PackageCache\com.unity.visualscripting@1.7.8\Editor\VisualScripting.Core\Dependencies\YamlDotNet\Unity.VisualScripting.YamlDotNet.dll
Symbol file LoadedFromMemory doesn't match image C:\Users\spec0\Desktop\Project\2022\07\Part3\MMO_Unity\Library\PackageCache\com.unity.visualscripting@1.7.8\Editor\VisualScripting.Core\Dependencies\DotNetZip\Unity.VisualScripting.IonicZip.dll
Native extension for WindowsStandalone target not found
Native extension for iOS target not found
Native extension for Android target not found
Refreshing native plugins compatible for Editor in 0.64 ms, found 3 plugins.
Preloading 0 native plugins for Editor in 0.00 ms.
Mono: successfully reloaded assembly
- Completed reload, in  1.428 seconds
Domain Reload Profiling:
	ReloadAssembly (1428ms)
		BeginReloadAssembly (182ms)
			ExecutionOrderSort (0ms)
			DisableScriptedObjects (6ms)
			BackupInstance (0ms)
			ReleaseScriptingObjects (0ms)
			CreateAndSetChildDomain (48ms)
		EndReloadAssembly (1136ms)
			LoadAssemblies (119ms)
			RebuildTransferFunctionScriptingTraits (0ms)
			SetupTypeCache (268ms)
			ReleaseScriptCaches (1ms)
			RebuildScriptCaches (44ms)
			SetupLoadedEditorAssemblies (670ms)
				LogAssemblyErrors (0ms)
				InitializePlatformSupportModulesInManaged (42ms)
				SetLoadedEditorAssemblies (0ms)
				RefreshPlugins (1ms)
				BeforeProcessingInitializeOnLoad (97ms)
				ProcessInitializeOnLoadAttributes (478ms)
				ProcessInitializeOnLoadMethodAttributes (35ms)
				AfterProcessingInitializeOnLoad (16ms)
				EditorAssembliesLoaded (0ms)
			ExecutionOrderSort2 (0ms)
			AwakeInstancesAfterBackupRestoration (10ms)
Platform modules already initialized, skipping
Refreshing native plugins compatible for Editor in 2.34 ms, found 3 plugins.
Preloading 0 native plugins for Editor in 0.00 ms.
Unloading 3436 Unused Serialized files (Serialized files now loaded: 0)
Unloading 20 unused Assets / (80.9 KB). Loaded Objects now: 3936.
Memory consumption went from 124.6 MB to 124.6 MB.
Total: 2.865600 ms (FindLiveObjects: 0.326900 ms CreateObjectMapping: 0.173500 ms MarkObjects: 2.273600 ms  DeleteObjects: 0.090600 ms)

AssetImportParameters requested are different than current active one (requested -> active):
  custom:video-decoder-ogg-theora: a1e56fd34408186e4bbccfd4996cb3dc -> 
  custom:container-muxer-webm: aa71ff27fc2769a1b78a27578f13a17b -> 
  custom:container-demuxer-webm: 4f35f7cbe854078d1ac9338744f61a02 -> 
  custom:video-encoder-webm-vp8: eb34c28f22e8b96e1ab97ce403110664 -> 
  custom:audio-encoder-webm-vorbis: bf7c407c2cedff20999df2af8eb42d56 -> 
  custom:framework-win-MediaFoundation: 216162199b28c13a410421893ffa2e32 -> 
  custom:container-demuxer-ogg: 62fdf1f143b41e24485cea50d1cbac27 -> 
  custom:video-decoder-webm-vp8: 9c59270c3fd7afecdb556c50c9e8de78 -> 
  custom:audio-decoder-ogg-vorbis: bf7c407c2cedff20999df2af8eb42d56 -> 
========================================================================
Received Import Request.
  Time since last request: 69.896205 seconds.
  path: Assets/Scripts/Managers/DataManager.cs
  artifactKey: Guid(93fe464468f49984aa03ce8ef5d73f0d) Importer(815301076,1909f56bfc062723c751e8b465ee728b)
Start importing Assets/Scripts/Managers/DataManager.cs using Guid(93fe464468f49984aa03ce8ef5d73f0d) Importer(815301076,1909f56bfc062723c751e8b465ee728b)  -> (artifact id: 'b388bc79393f9d80102aebf36a799107') in 0.007350 seconds 
========================================================================
Received Import Request.
  Time since last request: 15.889736 seconds.
  path: Assets/Scripts/Managers/DataManager.cs
  artifactKey: Guid(93fe464468f49984aa03ce8ef5d73f0d) Importer(815301076,1909f56bfc062723c751e8b465ee728b)
Start importing Assets/Scripts/Managers/DataManager.cs using Guid(93fe464468f49984aa03ce8ef5d73f0d) Importer(815301076,1909f56bfc062723c751e8b465ee728b)  -> (artifact id: 'ea7abfe639b9aeeb68d228816db5e6d6') in 0.002475 seconds 
========================================================================
Received Prepare
Registering precompiled user dll's ...
Registered in 0.012243 seconds.
Begin MonoManager ReloadAssembly
Symbol file LoadedFromMemory doesn't match image C:\Users\spec0\Desktop\Project\2022\07\Part3\MMO_Unity\Library\PackageCache\com.unity.visualscripting@1.7.8\Editor\VisualScripting.Core\Dependencies\YamlDotNet\Unity.VisualScripting.YamlDotNet.dll
Symbol file LoadedFromMemory doesn't match image C:\Users\spec0\Desktop\Project\2022\07\Part3\MMO_Unity\Library\PackageCache\com.unity.visualscripting@1.7.8\Editor\VisualScripting.Core\Dependencies\DotNetZip\Unity.VisualScripting.IonicZip.dll
Native extension for WindowsStandalone target not found
Native extension for iOS target not found
Native extension for Android target not found
Refreshing native plugins compatible for Editor in 0.76 ms, found 3 plugins.
Preloading 0 native plugins for Editor in 0.00 ms.
Mono: successfully reloaded assembly
- Completed reload, in  1.470 seconds
Domain Reload Profiling:
	ReloadAssembly (1471ms)
		BeginReloadAssembly (187ms)
			ExecutionOrderSort (0ms)
			DisableScriptedObjects (7ms)
			BackupInstance (0ms)
			ReleaseScriptingObjects (0ms)
			CreateAndSetChildDomain (48ms)
		EndReloadAssembly (1162ms)
			LoadAssemblies (123ms)
			RebuildTransferFunctionScriptingTraits (0ms)
			SetupTypeCache (268ms)
			ReleaseScriptCaches (1ms)
			RebuildScriptCaches (47ms)
			SetupLoadedEditorAssemblies (692ms)
				LogAssemblyErrors (0ms)
				InitializePlatformSupportModulesInManaged (38ms)
				SetLoadedEditorAssemblies (0ms)
				RefreshPlugins (1ms)
				BeforeProcessingInitializeOnLoad (103ms)
				ProcessInitializeOnLoadAttributes (501ms)
				ProcessInitializeOnLoadMethodAttributes (32ms)
				AfterProcessingInitializeOnLoad (17ms)
				EditorAssembliesLoaded (0ms)
			ExecutionOrderSort2 (0ms)
			AwakeInstancesAfterBackupRestoration (12ms)
Platform modules already initialized, skipping
Refreshing native plugins compatible for Editor in 2.74 ms, found 3 plugins.
Preloading 0 native plugins for Editor in 0.00 ms.
Unloading 3436 Unused Serialized files (Serialized files now loaded: 0)
Unloading 20 unused Assets / (81.0 KB). Loaded Objects now: 3939.
Memory consumption went from 124.7 MB to 124.6 MB.
Total: 2.807700 ms (FindLiveObjects: 0.263000 ms CreateObjectMapping: 0.159200 ms MarkObjects: 2.301100 ms  DeleteObjects: 0.083600 ms)

AssetImportParameters requested are different than current active one (requested -> active):
  custom:video-decoder-ogg-theora: a1e56fd34408186e4bbccfd4996cb3dc -> 
  custom:container-muxer-webm: aa71ff27fc2769a1b78a27578f13a17b -> 
  custom:container-demuxer-webm: 4f35f7cbe854078d1ac9338744f61a02 -> 
  custom:video-encoder-webm-vp8: eb34c28f22e8b96e1ab97ce403110664 -> 
  custom:audio-encoder-webm-vorbis: bf7c407c2cedff20999df2af8eb42d56 -> 
  custom:framework-win-MediaFoundation: 216162199b28c13a410421893ffa2e32 -> 
  custom:container-demuxer-ogg: 62fdf1f143b41e24485cea50d1cbac27 -> 
  custom:video-decoder-webm-vp8: 9c59270c3fd7afecdb556c50c9e8de78 -> 
  custom:audio-decoder-ogg-vorbis: bf7c407c2cedff20999df2af8eb42d56 -> 
========================================================================
Received Import Request.
  Time since last request: 103.529870 seconds.
  path: Assets/Scripts/Data
  artifactKey: Guid(59f7bd28c5b30ab40a0e041aa597b5b3) Importer(815301076,1909f56bfc062723c751e8b465ee728b)
Start importing Assets/Scripts/Data using Guid(59f7bd28c5b30ab40a0e041aa597b5b3) Importer(815301076,1909f56bfc062723c751e8b465ee728b)  -> (artifact id: '5f0c946cc1835b989bd42bb4477ad405') in 0.014008 seconds 
========================================================================
Received Import Request.
  Time since last request: 23.741133 seconds.
  path: Assets/Scripts/Data/Data.Contents.cs
  artifactKey: Guid(3f06f5d1500f6044cad3a38c817d3e47) Importer(815301076,1909f56bfc062723c751e8b465ee728b)
Start importing Assets/Scripts/Data/Data.Contents.cs using Guid(3f06f5d1500f6044cad3a38c817d3e47) Importer(815301076,1909f56bfc062723c751e8b465ee728b)  -> (artifact id: '41835d2ddae2fc03ad145dd0bdb5f691') in 0.009131 seconds 
========================================================================
Received Import Request.
  Time since last request: 19.607653 seconds.
  path: Assets/Scripts/Data/Data.Contents.cs
  artifactKey: Guid(3f06f5d1500f6044cad3a38c817d3e47) Importer(815301076,1909f56bfc062723c751e8b465ee728b)
Start importing Assets/Scripts/Data/Data.Contents.cs using Guid(3f06f5d1500f6044cad3a38c817d3e47) Importer(815301076,1909f56bfc062723c751e8b465ee728b)  -> (artifact id: '8bf348ba0b53a2684e000b8081cac101') in 0.002932 seconds 
========================================================================
Received Import Request.
  Time since last request: 20.395520 seconds.
  path: Assets/Scripts/Data/Data.Contents.cs
  artifactKey: Guid(3f06f5d1500f6044cad3a38c817d3e47) Importer(815301076,1909f56bfc062723c751e8b465ee728b)
Start importing Assets/Scripts/Data/Data.Contents.cs using Guid(3f06f5d1500f6044cad3a38c817d3e47) Importer(815301076,1909f56bfc062723c751e8b465ee728b)  -> (artifact id: '140672ad519bdff8658ad1e679d449a1') in 0.002218 seconds 
========================================================================
Received Import Request.
  Time since last request: 17.079493 seconds.
  path: Assets/Scripts/Data/Data.Contents.cs
  artifactKey: Guid(3f06f5d1500f6044cad3a38c817d3e47) Importer(815301076,1909f56bfc062723c751e8b465ee728b)
Start importing Assets/Scripts/Data/Data.Contents.cs using Guid(3f06f5d1500f6044cad3a38c817d3e47) Importer(815301076,1909f56bfc062723c751e8b465ee728b)  -> (artifact id: 'bd726dc60250af5097f5d45589c908dd') in 0.002398 seconds 
========================================================================
Received Prepare
Registering precompiled user dll's ...
Registered in 0.010209 seconds.
Begin MonoManager ReloadAssembly
Symbol file LoadedFromMemory doesn't match image C:\Users\spec0\Desktop\Project\2022\07\Part3\MMO_Unity\Library\PackageCache\com.unity.visualscripting@1.7.8\Editor\VisualScripting.Core\Dependencies\YamlDotNet\Unity.VisualScripting.YamlDotNet.dll
Symbol file LoadedFromMemory doesn't match image C:\Users\spec0\Desktop\Project\2022\07\Part3\MMO_Unity\Library\PackageCache\com.unity.visualscripting@1.7.8\Editor\VisualScripting.Core\Dependencies\DotNetZip\Unity.VisualScripting.IonicZip.dll
Native extension for WindowsStandalone target not found
Native extension for iOS target not found
Native extension for Android target not found
Refreshing native plugins compatible for Editor in 0.62 ms, found 3 plugins.
Preloading 0 native plugins for Editor in 0.00 ms.
Mono: successfully reloaded assembly
- Completed reload, in  1.229 seconds
Domain Reload Profiling:
	ReloadAssembly (1230ms)
		BeginReloadAssembly (169ms)
			ExecutionOrderSort (0ms)
			DisableScriptedObjects (6ms)
			BackupInstance (0ms)
			ReleaseScriptingObjects (0ms)
			CreateAndSetChildDomain (43ms)
		EndReloadAssembly (937ms)
			LoadAssemblies (115ms)
			RebuildTransferFunctionScriptingTraits (0ms)
			SetupTypeCache (318ms)
			ReleaseScriptCaches (1ms)
			RebuildScriptCaches (56ms)
			SetupLoadedEditorAssemblies (386ms)
				LogAssemblyErrors (0ms)
				InitializePlatformSupportModulesInManaged (34ms)
				SetLoadedEditorAssemblies (0ms)
				RefreshPlugins (1ms)
				BeforeProcessingInitializeOnLoad (92ms)
				ProcessInitializeOnLoadAttributes (214ms)
				ProcessInitializeOnLoadMethodAttributes (29ms)
				AfterProcessingInitializeOnLoad (16ms)
				EditorAssembliesLoaded (0ms)
			ExecutionOrderSort2 (0ms)
			AwakeInstancesAfterBackupRestoration (7ms)
Platform modules already initialized, skipping
Refreshing native plugins compatible for Editor in 2.41 ms, found 3 plugins.
Preloading 0 native plugins for Editor in 0.00 ms.
Unloading 3437 Unused Serialized files (Serialized files now loaded: 0)
Unloading 20 unused Assets / (80.9 KB). Loaded Objects now: 3943.
Memory consumption went from 124.7 MB to 124.6 MB.
Total: 3.589000 ms (FindLiveObjects: 0.269300 ms CreateObjectMapping: 0.170400 ms MarkObjects: 3.041700 ms  DeleteObjects: 0.105900 ms)

AssetImportParameters requested are different than current active one (requested -> active):
  custom:video-decoder-ogg-theora: a1e56fd34408186e4bbccfd4996cb3dc -> 
  custom:container-muxer-webm: aa71ff27fc2769a1b78a27578f13a17b -> 
  custom:container-demuxer-webm: 4f35f7cbe854078d1ac9338744f61a02 -> 
  custom:video-encoder-webm-vp8: eb34c28f22e8b96e1ab97ce403110664 -> 
  custom:audio-encoder-webm-vorbis: bf7c407c2cedff20999df2af8eb42d56 -> 
  custom:framework-win-MediaFoundation: 216162199b28c13a410421893ffa2e32 -> 
  custom:container-demuxer-ogg: 62fdf1f143b41e24485cea50d1cbac27 -> 
  custom:video-decoder-webm-vp8: 9c59270c3fd7afecdb556c50c9e8de78 -> 
  custom:audio-decoder-ogg-vorbis: bf7c407c2cedff20999df2af8eb42d56 -> 
========================================================================
Received Prepare
Registering precompiled user dll's ...
Registered in 0.010223 seconds.
Begin MonoManager ReloadAssembly
Symbol file LoadedFromMemory doesn't match image C:\Users\spec0\Desktop\Project\2022\07\Part3\MMO_Unity\Library\PackageCache\com.unity.visualscripting@1.7.8\Editor\VisualScripting.Core\Dependencies\YamlDotNet\Unity.VisualScripting.YamlDotNet.dll
Symbol file LoadedFromMemory doesn't match image C:\Users\spec0\Desktop\Project\2022\07\Part3\MMO_Unity\Library\PackageCache\com.unity.visualscripting@1.7.8\Editor\VisualScripting.Core\Dependencies\DotNetZip\Unity.VisualScripting.IonicZip.dll
Native extension for WindowsStandalone target not found
Native extension for iOS target not found
Native extension for Android target not found
Refreshing native plugins compatible for Editor in 0.60 ms, found 3 plugins.
Preloading 0 native plugins for Editor in 0.00 ms.
Mono: successfully reloaded assembly
- Completed reload, in  1.459 seconds
Domain Reload Profiling:
	ReloadAssembly (1460ms)
		BeginReloadAssembly (168ms)
			ExecutionOrderSort (0ms)
			DisableScriptedObjects (8ms)
			BackupInstance (0ms)
			ReleaseScriptingObjects (0ms)
			CreateAndSetChildDomain (41ms)
		EndReloadAssembly (1171ms)
			LoadAssemblies (113ms)
			RebuildTransferFunctionScriptingTraits (0ms)
			SetupTypeCache (295ms)
			ReleaseScriptCaches (1ms)
			RebuildScriptCaches (46ms)
			SetupLoadedEditorAssemblies (413ms)
				LogAssemblyErrors (0ms)
				InitializePlatformSupportModulesInManaged (36ms)
				SetLoadedEditorAssemblies (0ms)
				RefreshPlugins (1ms)
				BeforeProcessingInitializeOnLoad (96ms)
				ProcessInitializeOnLoadAttributes (222ms)
				ProcessInitializeOnLoadMethodAttributes (37ms)
				AfterProcessingInitializeOnLoad (21ms)
				EditorAssembliesLoaded (0ms)
			ExecutionOrderSort2 (0ms)
			AwakeInstancesAfterBackupRestoration (262ms)
Platform modules already initialized, skipping
Refreshing native plugins compatible for Editor in 2.28 ms, found 3 plugins.
Preloading 0 native plugins for Editor in 0.00 ms.
Unloading 3437 Unused Serialized files (Serialized files now loaded: 0)
Unloading 20 unused Assets / (80.9 KB). Loaded Objects now: 3946.
Memory consumption went from 124.7 MB to 124.6 MB.
Total: 2.738200 ms (FindLiveObjects: 0.251000 ms CreateObjectMapping: 0.149800 ms MarkObjects: 2.247500 ms  DeleteObjects: 0.089300 ms)

AssetImportParameters requested are different than current active one (requested -> active):
  custom:video-decoder-ogg-theora: a1e56fd34408186e4bbccfd4996cb3dc -> 
  custom:container-muxer-webm: aa71ff27fc2769a1b78a27578f13a17b -> 
  custom:container-demuxer-webm: 4f35f7cbe854078d1ac9338744f61a02 -> 
  custom:video-encoder-webm-vp8: eb34c28f22e8b96e1ab97ce403110664 -> 
  custom:audio-encoder-webm-vorbis: bf7c407c2cedff20999df2af8eb42d56 -> 
  custom:framework-win-MediaFoundation: 216162199b28c13a410421893ffa2e32 -> 
  custom:container-demuxer-ogg: 62fdf1f143b41e24485cea50d1cbac27 -> 
  custom:video-decoder-webm-vp8: 9c59270c3fd7afecdb556c50c9e8de78 -> 
  custom:audio-decoder-ogg-vorbis: bf7c407c2cedff20999df2af8eb42d56 -> 
========================================================================
Received Import Request.
  Time since last request: 3893.025798 seconds.
  path: Assets/Resources/Art/Town
  artifactKey: Guid(2eb6273896089fb49b67d33fd65d9247) Importer(815301076,1909f56bfc062723c751e8b465ee728b)
Start importing Assets/Resources/Art/Town using Guid(2eb6273896089fb49b67d33fd65d9247) Importer(815301076,1909f56bfc062723c751e8b465ee728b)  -> (artifact id: 'c29df2e6f470f229338d746077c21428') in 0.015327 seconds 
========================================================================
Received Import Request.
  Time since last request: 1084.268875 seconds.
  path: Assets/Resources/Textures
  artifactKey: Guid(b55bfa53d6685ff42ab43649d24760f3) Importer(815301076,1909f56bfc062723c751e8b465ee728b)
Start importing Assets/Resources/Textures using Guid(b55bfa53d6685ff42ab43649d24760f3) Importer(815301076,1909f56bfc062723c751e8b465ee728b)  -> (artifact id: '4c4e0528f213b66243ab2140e6b5833a') in 0.009815 seconds 
========================================================================
Received Import Request.
  Time since last request: 41.367107 seconds.
  path: Assets/Resources/Textures/Cursor
  artifactKey: Guid(5e429629da7f44b4e90666caa5f277ac) Importer(815301076,1909f56bfc062723c751e8b465ee728b)
Start importing Assets/Resources/Textures/Cursor using Guid(5e429629da7f44b4e90666caa5f277ac) Importer(815301076,1909f56bfc062723c751e8b465ee728b)  -> (artifact id: 'd38de7738c132b0813de472c2d982572') in 0.008307 seconds 
========================================================================
Received Import Request.
  Time since last request: 16.891884 seconds.
  path: Assets/New Terrain.asset
  artifactKey: Guid(54b2f403a5d3270479392a6602b092dd) Importer(815301076,1909f56bfc062723c751e8b465ee728b)
Start importing Assets/New Terrain.asset using Guid(54b2f403a5d3270479392a6602b092dd) Importer(815301076,1909f56bfc062723c751e8b465ee728b)  -> (artifact id: '77c7df6c724a5a267b307cdaf281db8f') in 0.049104 seconds 
========================================================================
Received Import Request.
  Time since last request: 40.779904 seconds.
  path: Assets/TempTerrain.asset
  artifactKey: Guid(54b2f403a5d3270479392a6602b092dd) Importer(815301076,1909f56bfc062723c751e8b465ee728b)
Start importing Assets/TempTerrain.asset using Guid(54b2f403a5d3270479392a6602b092dd) Importer(815301076,1909f56bfc062723c751e8b465ee728b)  -> (artifact id: '1c11d50c64a7ccf56206f6be574df9f5') in 0.011944 seconds 
========================================================================
Received Import Request.
  Time since last request: 39.751722 seconds.
  path: Assets/Resources/Textures/Cursor/Attack.png
  artifactKey: Guid(24d21e256b498a944a00e2527ed7618c) Importer(815301076,1909f56bfc062723c751e8b465ee728b)
Start importing Assets/Resources/Textures/Cursor/Attack.png using Guid(24d21e256b498a944a00e2527ed7618c) Importer(815301076,1909f56bfc062723c751e8b465ee728b)  -> (artifact id: '5e630ff1360d72eee42f297e6e572af6') in 0.068512 seconds 
========================================================================
Received Import Request.
  Time since last request: 0.000023 seconds.
  path: Assets/Resources/Art/UnityChan/Textures/body_01_NRM.tga
  artifactKey: Guid(3a3c0acc807e9264ca0b32602a928a9a) Importer(815301076,1909f56bfc062723c751e8b465ee728b)
Start importing Assets/Resources/Art/UnityChan/Textures/body_01_NRM.tga using Guid(3a3c0acc807e9264ca0b32602a928a9a) Importer(815301076,1909f56bfc062723c751e8b465ee728b)  -> (artifact id: '61471789920917e6b153f56b22a3806c') in 0.021663 seconds 
========================================================================
Received Import Request.
  Time since last request: 0.000025 seconds.
  path: Assets/Resources/Art/Knight/Textures/brick1AOC.png
  artifactKey: Guid(bb97e623b50f22d4e85f6be4a3289696) Importer(815301076,1909f56bfc062723c751e8b465ee728b)
Start importing Assets/Resources/Art/Knight/Textures/brick1AOC.png using Guid(bb97e623b50f22d4e85f6be4a3289696) Importer(815301076,1909f56bfc062723c751e8b465ee728b)  -> (artifact id: '24f4be984ce2894ae7eb0fd67f2b817c') in 0.035694 seconds 
========================================================================
Received Import Request.
  Time since last request: 0.000080 seconds.
  path: Assets/Resources/Art/Knight/Textures/brick1NormalC.png
  artifactKey: Guid(b1bd3e2b9bef4a64e8beb26f362abff5) Importer(815301076,1909f56bfc062723c751e8b465ee728b)
Start importing Assets/Resources/Art/Knight/Textures/brick1NormalC.png using Guid(b1bd3e2b9bef4a64e8beb26f362abff5) Importer(815301076,1909f56bfc062723c751e8b465ee728b)  -> (artifact id: 'a7d2f8aaa68481f8f1af8c2801f636b6') in 0.073598 seconds 
========================================================================
Received Import Request.
  Time since last request: 0.000022 seconds.
  path: Assets/Resources/Art/UnityChan/Textures/body_01_SPEC.tga
  artifactKey: Guid(7ae1142e9b3a72048960dd9561e0e0d9) Importer(815301076,1909f56bfc062723c751e8b465ee728b)
Start importing Assets/Resources/Art/UnityChan/Textures/body_01_SPEC.tga using Guid(7ae1142e9b3a72048960dd9561e0e0d9) Importer(815301076,1909f56bfc062723c751e8b465ee728b)  -> (artifact id: '787ef496d796a4dc67ee43210c557fc4') in 0.016544 seconds 
========================================================================
Received Import Request.
  Time since last request: 1.883811 seconds.
  path: Assets/Resources/Art/UnityChan/Textures/DEFAULT_NORMAL.tga
  artifactKey: Guid(f90e3449ad3674016962a3aba3d31a06) Importer(815301076,1909f56bfc062723c751e8b465ee728b)
Start importing Assets/Resources/Art/UnityChan/Textures/DEFAULT_NORMAL.tga using Guid(f90e3449ad3674016962a3aba3d31a06) Importer(815301076,1909f56bfc062723c751e8b465ee728b)  -> (artifact id: '8b58cfac7158d6579169b3caa3cf363e') in 0.025780 seconds 
========================================================================
Received Import Request.
  Time since last request: 0.044946 seconds.
  path: Assets/Resources/Art/UnityChan/Textures/ENV2.tga
  artifactKey: Guid(763c5d30206d1d54a9b49b3309e37fe1) Importer(815301076,1909f56bfc062723c751e8b465ee728b)
Start importing Assets/Resources/Art/UnityChan/Textures/ENV2.tga using Guid(763c5d30206d1d54a9b49b3309e37fe1) Importer(815301076,1909f56bfc062723c751e8b465ee728b)  -> (artifact id: '686f40a18c94e9b3fe55ffd6c8a5a928') in 0.017023 seconds 
========================================================================
Received Import Request.
  Time since last request: 0.000027 seconds.
  path: Assets/Resources/Art/Knight/Textures/environmentmap3.png
  artifactKey: Guid(c6f38880e60874248bdd63ec51e652f0) Importer(815301076,1909f56bfc062723c751e8b465ee728b)
Start importing Assets/Resources/Art/Knight/Textures/environmentmap3.png using Guid(c6f38880e60874248bdd63ec51e652f0) Importer(815301076,1909f56bfc062723c751e8b465ee728b)  -> (artifact id: '7f981351641eaf311616cb09dee9ad02') in 0.059053 seconds 
========================================================================
Received Import Request.
  Time since last request: 0.002128 seconds.
  path: Assets/Resources/Art/UnityChan/Textures/eye_iris_R_00.tga
  artifactKey: Guid(7521661d2d6cebb479dea03e7336e5de) Importer(815301076,1909f56bfc062723c751e8b465ee728b)
Start importing Assets/Resources/Art/UnityChan/Textures/eye_iris_R_00.tga using Guid(7521661d2d6cebb479dea03e7336e5de) Importer(815301076,1909f56bfc062723c751e8b465ee728b)  -> (artifact id: '42cd83600edda0d6aa44d8ff5d130aca') in 0.018148 seconds 
========================================================================
Received Import Request.
  Time since last request: 0.000023 seconds.
  path: Assets/Resources/Art/UnityChan/Textures/FO_CLOTH1.tga
  artifactKey: Guid(cc8f70f2ec571e9478efa98c041cde7b) Importer(815301076,1909f56bfc062723c751e8b465ee728b)
Start importing Assets/Resources/Art/UnityChan/Textures/FO_CLOTH1.tga using Guid(cc8f70f2ec571e9478efa98c041cde7b) Importer(815301076,1909f56bfc062723c751e8b465ee728b)  -> (artifact id: '2e0579d56ad975a02730585947527009') in 0.015173 seconds 
========================================================================
Received Import Request.
  Time since last request: 0.050022 seconds.
  path: Assets/Resources/Art/UnityChan/Textures/FO_RIM1.tga
  artifactKey: Guid(a18067604964b5a4d8fd5552ed0d789e) Importer(815301076,1909f56bfc062723c751e8b465ee728b)
Start importing Assets/Resources/Art/UnityChan/Textures/FO_RIM1.tga using Guid(a18067604964b5a4d8fd5552ed0d789e) Importer(815301076,1909f56bfc062723c751e8b465ee728b)  -> (artifact id: '4cc5dcf638fdad5c894477d892d08c6a') in 0.017661 seconds 
========================================================================
Received Import Request.
  Time since last request: 0.000018 seconds.
  path: Assets/Resources/Art/Town/Textures/GrassyRocks.jpg
  artifactKey: Guid(26f1e5ca1e9bfb448924bf26281cf743) Importer(815301076,1909f56bfc062723c751e8b465ee728b)
Start importing Assets/Resources/Art/Town/Textures/GrassyRocks.jpg using Guid(26f1e5ca1e9bfb448924bf26281cf743) Importer(815301076,1909f56bfc062723c751e8b465ee728b)  -> (artifact id: '79c46a52294dab5d4f7bc622e7444f22') in 0.029846 seconds 
========================================================================
Received Import Request.
  Time since last request: 0.000021 seconds.
  path: Assets/Resources/Art/UnityChan/Textures/guide.tga
  artifactKey: Guid(d04d722a0c808412ea85876950eec517) Importer(815301076,1909f56bfc062723c751e8b465ee728b)
Start importing Assets/Resources/Art/UnityChan/Textures/guide.tga using Guid(d04d722a0c808412ea85876950eec517) Importer(815301076,1909f56bfc062723c751e8b465ee728b)  -> (artifact id: 'dbe7739e387578b6f2c1189ebf85175b') in 0.026488 seconds 
========================================================================
Received Import Request.
  Time since last request: 0.000021 seconds.
  path: Assets/Resources/Art/UnityChan/Textures/hair_01_NRM.tga
  artifactKey: Guid(9eea3b9b4b755f64da2c821145616f44) Importer(815301076,1909f56bfc062723c751e8b465ee728b)
Start importing Assets/Resources/Art/UnityChan/Textures/hair_01_NRM.tga using Guid(9eea3b9b4b755f64da2c821145616f44) Importer(815301076,1909f56bfc062723c751e8b465ee728b)  -> (artifact id: 'f0868a4a85405054d706473b12511291') in 0.016922 seconds 
========================================================================
Received Import Request.
  Time since last request: 0.007403 seconds.
  path: Assets/Resources/Textures/Cursor/Hand.png
  artifactKey: Guid(0f45821c9378469498c0044ff9068ea2) Importer(815301076,1909f56bfc062723c751e8b465ee728b)
Start importing Assets/Resources/Textures/Cursor/Hand.png using Guid(0f45821c9378469498c0044ff9068ea2) Importer(815301076,1909f56bfc062723c751e8b465ee728b)  -> (artifact id: 'e6311c3f6944d32bbf1c83c9b7006f19') in 0.024199 seconds 
========================================================================
Received Import Request.
  Time since last request: 0.000028 seconds.
  path: Assets/Textures and Sprites/Decoration/Icon3.png
  artifactKey: Guid(e484876f0cfbe8d46981ae0062b5e77f) Importer(815301076,1909f56bfc062723c751e8b465ee728b)
Start importing Assets/Textures and Sprites/Decoration/Icon3.png using Guid(e484876f0cfbe8d46981ae0062b5e77f) Importer(815301076,1909f56bfc062723c751e8b465ee728b)  -> (artifact id: '5a171e2527d260361412e1f11cb7980c') in 0.044570 seconds 
========================================================================
Received Import Request.
  Time since last request: 0.017997 seconds.
  path: Assets/Resources/Textures/Cursor/Loot.png
  artifactKey: Guid(58dfbf39eee62f74aa8ab1183b776b2c) Importer(815301076,1909f56bfc062723c751e8b465ee728b)
Start importing Assets/Resources/Textures/Cursor/Loot.png using Guid(58dfbf39eee62f74aa8ab1183b776b2c) Importer(815301076,1909f56bfc062723c751e8b465ee728b)  -> (artifact id: '58d3b22f75da6d119bc46a51cd7644d0') in 0.025355 seconds 
========================================================================
Received Import Request.
  Time since last request: 0.000019 seconds.
  path: Assets/Resources/Art/Knight/Textures/paladinbodyColor.png
  artifactKey: Guid(0549a7d8dbc261b4a96304b90dc61891) Importer(815301076,1909f56bfc062723c751e8b465ee728b)
Start importing Assets/Resources/Art/Knight/Textures/paladinbodyColor.png using Guid(0549a7d8dbc261b4a96304b90dc61891) Importer(815301076,1909f56bfc062723c751e8b465ee728b)  -> (artifact id: '3f021d331cceaea95852c4692db88754') in 0.035972 seconds 
========================================================================
Received Import Request.
  Time since last request: 0.023586 seconds.
  path: Assets/Resources/Art/Knight/Textures/paladinbodyNormal.png
  artifactKey: Guid(1a6bdb603d1aa474aa64573e602dee81) Importer(815301076,1909f56bfc062723c751e8b465ee728b)
Start importing Assets/Resources/Art/Knight/Textures/paladinbodyNormal.png using Guid(1a6bdb603d1aa474aa64573e602dee81) Importer(815301076,1909f56bfc062723c751e8b465ee728b)  -> (artifact id: '0abd38c8107542fcd95a7780ad694d6b') in 0.043001 seconds 
========================================================================
Received Import Request.
  Time since last request: 0.000022 seconds.
  path: Assets/Resources/Art/Knight/Textures/paladinclothColor.png
  artifactKey: Guid(16638109f1ead8e4a987432455532e17) Importer(815301076,1909f56bfc062723c751e8b465ee728b)
Start importing Assets/Resources/Art/Knight/Textures/paladinclothColor.png using Guid(16638109f1ead8e4a987432455532e17) Importer(815301076,1909f56bfc062723c751e8b465ee728b)  -> (artifact id: 'b1122442383322597bcb5ca328bf674c') in 0.026603 seconds 
========================================================================
Received Import Request.
  Time since last request: 0.026188 seconds.
  path: Assets/Resources/Art/Knight/Textures/paladinclothNormal.png
  artifactKey: Guid(03d1fa96cc75c5b4a891a289c9513d53) Importer(815301076,1909f56bfc062723c751e8b465ee728b)
Start importing Assets/Resources/Art/Knight/Textures/paladinclothNormal.png using Guid(03d1fa96cc75c5b4a891a289c9513d53) Importer(815301076,1909f56bfc062723c751e8b465ee728b)  -> (artifact id: '2234feb0e6c388025307208ba9f7d4af') in 0.041118 seconds 
========================================================================
Received Import Request.
  Time since last request: 0.000030 seconds.
  path: Assets/Resources/Art/Knight/Textures/paladinweaponsAO.png
  artifactKey: Guid(62892b38f44250b42bf779f90c4791be) Importer(815301076,1909f56bfc062723c751e8b465ee728b)
Start importing Assets/Resources/Art/Knight/Textures/paladinweaponsAO.png using Guid(62892b38f44250b42bf779f90c4791be) Importer(815301076,1909f56bfc062723c751e8b465ee728b)  -> (artifact id: '134317cd8a1330519862c192369ae27b') in 0.022878 seconds 
========================================================================
Received Import Request.
  Time since last request: 0.014188 seconds.
  path: Assets/Resources/Art/Knight/Textures/paladinweaponsMetallic.png
  artifactKey: Guid(db214731c88503c478ae58aaf1b86e16) Importer(815301076,1909f56bfc062723c751e8b465ee728b)
Start importing Assets/Resources/Art/Knight/Textures/paladinweaponsMetallic.png using Guid(db214731c88503c478ae58aaf1b86e16) Importer(815301076,1909f56bfc062723c751e8b465ee728b)  -> (artifact id: '79d230e04afa193bddfcdbf0a33f75a1') in 0.028483 seconds 
========================================================================
Received Import Request.
  Time since last request: 0.000025 seconds.
  path: Assets/Resources/Art/Knight/Textures/paladinweaponsRoughness.png
  artifactKey: Guid(0d15cd26683bf8e4d9ee426aaa7517af) Importer(815301076,1909f56bfc062723c751e8b465ee728b)
Start importing Assets/Resources/Art/Knight/Textures/paladinweaponsRoughness.png using Guid(0d15cd26683bf8e4d9ee426aaa7517af) Importer(815301076,1909f56bfc062723c751e8b465ee728b)  -> (artifact id: 'fed3efe05cafa916ee22482608532023') in 0.028647 seconds 
========================================================================
Received Import Request.
  Time since last request: 0.117418 seconds.
  path: Assets/Resources/Art/Town/Terrain/Demo_Terrain.asset
  artifactKey: Guid(cd71c8a14f2c40c4facca03eb05ed00b) Importer(815301076,1909f56bfc062723c751e8b465ee728b)
Start importing Assets/Resources/Art/Town/Terrain/Demo_Terrain.asset using Guid(cd71c8a14f2c40c4facca03eb05ed00b) Importer(815301076,1909f56bfc062723c751e8b465ee728b)  -> (artifact id: '90cb3b92ef3d1ebe3c4092edaa4ef3cd') in 0.096574 seconds 
========================================================================
Received Import Request.
  Time since last request: 0.099169 seconds.
  path: Assets/Textures and Sprites/Rounded UI/UIToggleButton.png
  artifactKey: Guid(1238f32bb27c642c5b81174a099459f4) Importer(815301076,1909f56bfc062723c751e8b465ee728b)
Start importing Assets/Textures and Sprites/Rounded UI/UIToggleButton.png using Guid(1238f32bb27c642c5b81174a099459f4) Importer(815301076,1909f56bfc062723c751e8b465ee728b)  -> (artifact id: 'e77d037b854ce741aceb1ccadad9fbe2') in 0.025246 seconds 
========================================================================
Received Import Request.
  Time since last request: 264.879344 seconds.
  path: Assets/Resources/Art/Town/Terrain
  artifactKey: Guid(e19b8c444f4cee641b57d6b08489c906) Importer(815301076,1909f56bfc062723c751e8b465ee728b)
Start importing Assets/Resources/Art/Town/Terrain using Guid(e19b8c444f4cee641b57d6b08489c906) Importer(815301076,1909f56bfc062723c751e8b465ee728b)  -> (artifact id: '2b6f2f439a524c37f5abd8e403ce064d') in 0.008119 seconds 
========================================================================
Received Import Request.
  Time since last request: 9.518004 seconds.
  path: Assets/Resources/Art/Town/Prefabs
  artifactKey: Guid(b9e409b6dbc6b8d4eb412e0f7e8c0be4) Importer(815301076,1909f56bfc062723c751e8b465ee728b)
Start importing Assets/Resources/Art/Town/Prefabs using Guid(b9e409b6dbc6b8d4eb412e0f7e8c0be4) Importer(815301076,1909f56bfc062723c751e8b465ee728b)  -> (artifact id: '510398012945fa36f7d723344b380488') in 0.008293 seconds 
========================================================================
Received Import Request.
  Time since last request: 1388.651550 seconds.
  path: Assets/Scenes/Game
  artifactKey: Guid(ccbf5e2ff4c51da46b4fc89584ce3912) Importer(815301076,1909f56bfc062723c751e8b465ee728b)
Start importing Assets/Scenes/Game using Guid(ccbf5e2ff4c51da46b4fc89584ce3912) Importer(815301076,1909f56bfc062723c751e8b465ee728b)  -> (artifact id: '94b4820faf8b4517dc3e0cecf30c3980') in 0.007903 seconds 
========================================================================
Received Import Request.
  Time since last request: 5.219146 seconds.
  path: Assets/Scenes/Game/LightingData.asset
  artifactKey: Guid(a952f51a0b4885043a18497754b1a1f4) Importer(815301076,1909f56bfc062723c751e8b465ee728b)
Start importing Assets/Scenes/Game/LightingData.asset using Guid(a952f51a0b4885043a18497754b1a1f4) Importer(815301076,1909f56bfc062723c751e8b465ee728b)  -> (artifact id: 'ac15618dd62edfa361669f7fe5fca4b1') in 0.008667 seconds 
========================================================================
Received Import Request.
  Time since last request: 0.783874 seconds.
  path: Assets/Scenes/Game/Lightmap-0_comp_dir.png
  artifactKey: Guid(4e7b98d30312e5647a883405f4d5c2c5) Importer(815301076,1909f56bfc062723c751e8b465ee728b)
Start importing Assets/Scenes/Game/Lightmap-0_comp_dir.png using Guid(4e7b98d30312e5647a883405f4d5c2c5) Importer(815301076,1909f56bfc062723c751e8b465ee728b)  -> (artifact id: 'd1c76e213042b5ddb8282794ada59ad3') in 0.014856 seconds 
========================================================================
Received Import Request.
  Time since last request: 0.771710 seconds.
  path: Assets/Scenes/Game/Lightmap-0_comp_light.exr
  artifactKey: Guid(e3ae2005fbf4a474eb06364a9e370360) Importer(815301076,1909f56bfc062723c751e8b465ee728b)
Start importing Assets/Scenes/Game/Lightmap-0_comp_light.exr using Guid(e3ae2005fbf4a474eb06364a9e370360) Importer(815301076,1909f56bfc062723c751e8b465ee728b)  -> (artifact id: '7bcb84433f8e1e0bc5cbb289dc83c6f6') in 0.021950 seconds 
========================================================================
Received Import Request.
  Time since last request: 0.484521 seconds.
  path: Assets/Scenes/Game/Lightmap-0_comp_shadowmask.png
  artifactKey: Guid(4b1e7dd1fa10dd94e93ae7e943a786d9) Importer(815301076,1909f56bfc062723c751e8b465ee728b)
Start importing Assets/Scenes/Game/Lightmap-0_comp_shadowmask.png using Guid(4b1e7dd1fa10dd94e93ae7e943a786d9) Importer(815301076,1909f56bfc062723c751e8b465ee728b)  -> (artifact id: 'ff4eba766dac582d30f2ca6f3a6fde0b') in 0.014994 seconds 
========================================================================
Received Import Request.
  Time since last request: 0.597067 seconds.
  path: Assets/Scenes/Game/ReflectionProbe-0.exr
  artifactKey: Guid(85485986c6d88a943b28312cdf34d9e3) Importer(815301076,1909f56bfc062723c751e8b465ee728b)
Start importing Assets/Scenes/Game/ReflectionProbe-0.exr using Guid(85485986c6d88a943b28312cdf34d9e3) Importer(815301076,1909f56bfc062723c751e8b465ee728b)  -> (artifact id: '8a97b5c3efbc1a25762f062e8b0f5b54') in 0.018930 seconds 
